{"/Users/mikegunyan/ghrsea/image-service/client/src/app.jsx": {"path":"/Users/mikegunyan/ghrsea/image-service/client/src/app.jsx","statementMap":{"0":{"start":{"line":10,"column":4},"end":{"line":10,"column":17}},"1":{"start":{"line":11,"column":4},"end":{"line":21,"column":6}},"2":{"start":{"line":22,"column":4},"end":{"line":22,"column":45}},"3":{"start":{"line":23,"column":4},"end":{"line":23,"column":49}},"4":{"start":{"line":24,"column":4},"end":{"line":24,"column":47}},"5":{"start":{"line":25,"column":4},"end":{"line":25,"column":49}},"6":{"start":{"line":26,"column":4},"end":{"line":26,"column":57}},"7":{"start":{"line":27,"column":4},"end":{"line":27,"column":59}},"8":{"start":{"line":28,"column":4},"end":{"line":28,"column":51}},"9":{"start":{"line":29,"column":4},"end":{"line":29,"column":47}},"10":{"start":{"line":30,"column":4},"end":{"line":30,"column":47}},"11":{"start":{"line":34,"column":4},"end":{"line":34,"column":20}},"12":{"start":{"line":38,"column":26},"end":{"line":38,"column":36}},"13":{"start":{"line":39,"column":17},"end":{"line":39,"column":26}},"14":{"start":{"line":40,"column":4},"end":{"line":70,"column":9}},"15":{"start":{"line":43,"column":28},"end":{"line":43,"column":30}},"16":{"start":{"line":44,"column":33},"end":{"line":44,"column":35}},"17":{"start":{"line":45,"column":8},"end":{"line":56,"column":9}},"18":{"start":{"line":45,"column":21},"end":{"line":45,"column":22}},"19":{"start":{"line":46,"column":10},"end":{"line":50,"column":11}},"20":{"start":{"line":47,"column":12},"end":{"line":47,"column":48}},"21":{"start":{"line":49,"column":12},"end":{"line":49,"column":44}},"22":{"start":{"line":51,"column":10},"end":{"line":55,"column":11}},"23":{"start":{"line":52,"column":12},"end":{"line":52,"column":58}},"24":{"start":{"line":54,"column":12},"end":{"line":54,"column":54}},"25":{"start":{"line":57,"column":8},"end":{"line":61,"column":9}},"26":{"start":{"line":58,"column":10},"end":{"line":58,"column":34}},"27":{"start":{"line":60,"column":10},"end":{"line":60,"column":36}},"28":{"start":{"line":62,"column":8},"end":{"line":69,"column":11}},"29":{"start":{"line":74,"column":4},"end":{"line":77,"column":5}},"30":{"start":{"line":75,"column":6},"end":{"line":75,"column":97}},"31":{"start":{"line":75,"column":23},"end":{"line":75,"column":90}},"32":{"start":{"line":76,"column":6},"end":{"line":76,"column":82}},"33":{"start":{"line":78,"column":27},"end":{"line":78,"column":37}},"34":{"start":{"line":79,"column":4},"end":{"line":79,"column":70}},"35":{"start":{"line":80,"column":4},"end":{"line":80,"column":42}},"36":{"start":{"line":81,"column":4},"end":{"line":81,"column":55}},"37":{"start":{"line":85,"column":4},"end":{"line":88,"column":5}},"38":{"start":{"line":86,"column":6},"end":{"line":86,"column":97}},"39":{"start":{"line":86,"column":23},"end":{"line":86,"column":90}},"40":{"start":{"line":87,"column":6},"end":{"line":87,"column":82}},"41":{"start":{"line":89,"column":41},"end":{"line":89,"column":51}},"42":{"start":{"line":90,"column":4},"end":{"line":90,"column":40}},"43":{"start":{"line":91,"column":16},"end":{"line":91,"column":29}},"44":{"start":{"line":92,"column":4},"end":{"line":96,"column":5}},"45":{"start":{"line":93,"column":6},"end":{"line":93,"column":39}},"46":{"start":{"line":95,"column":6},"end":{"line":95,"column":40}},"47":{"start":{"line":100,"column":4},"end":{"line":103,"column":5}},"48":{"start":{"line":101,"column":6},"end":{"line":101,"column":97}},"49":{"start":{"line":101,"column":23},"end":{"line":101,"column":90}},"50":{"start":{"line":102,"column":6},"end":{"line":102,"column":82}},"51":{"start":{"line":104,"column":41},"end":{"line":104,"column":51}},"52":{"start":{"line":105,"column":4},"end":{"line":105,"column":41}},"53":{"start":{"line":106,"column":16},"end":{"line":106,"column":29}},"54":{"start":{"line":107,"column":4},"end":{"line":111,"column":5}},"55":{"start":{"line":108,"column":6},"end":{"line":108,"column":33}},"56":{"start":{"line":110,"column":6},"end":{"line":110,"column":40}},"57":{"start":{"line":115,"column":34},"end":{"line":115,"column":44}},"58":{"start":{"line":116,"column":16},"end":{"line":116,"column":29}},"59":{"start":{"line":117,"column":4},"end":{"line":121,"column":5}},"60":{"start":{"line":118,"column":6},"end":{"line":118,"column":44}},"61":{"start":{"line":120,"column":6},"end":{"line":120,"column":50}},"62":{"start":{"line":125,"column":34},"end":{"line":125,"column":44}},"63":{"start":{"line":126,"column":16},"end":{"line":126,"column":29}},"64":{"start":{"line":127,"column":4},"end":{"line":131,"column":5}},"65":{"start":{"line":128,"column":6},"end":{"line":128,"column":38}},"66":{"start":{"line":130,"column":6},"end":{"line":130,"column":50}},"67":{"start":{"line":135,"column":4},"end":{"line":135,"column":48}},"68":{"start":{"line":139,"column":4},"end":{"line":139,"column":27}},"69":{"start":{"line":140,"column":32},"end":{"line":140,"column":42}},"70":{"start":{"line":141,"column":4},"end":{"line":141,"column":62}},"71":{"start":{"line":145,"column":4},"end":{"line":145,"column":27}},"72":{"start":{"line":146,"column":30},"end":{"line":146,"column":40}},"73":{"start":{"line":147,"column":4},"end":{"line":150,"column":9}},"74":{"start":{"line":149,"column":8},"end":{"line":149,"column":24}},"75":{"start":{"line":157,"column":8},"end":{"line":157,"column":18}},"76":{"start":{"line":158,"column":4},"end":{"line":183,"column":6}}},"fnMap":{"0":{"name":"(anonymous_0)","decl":{"start":{"line":9,"column":2},"end":{"line":9,"column":3}},"loc":{"start":{"line":9,"column":21},"end":{"line":31,"column":3}},"line":9},"1":{"name":"(anonymous_1)","decl":{"start":{"line":33,"column":2},"end":{"line":33,"column":3}},"loc":{"start":{"line":33,"column":22},"end":{"line":35,"column":3}},"line":33},"2":{"name":"(anonymous_2)","decl":{"start":{"line":37,"column":2},"end":{"line":37,"column":3}},"loc":{"start":{"line":37,"column":15},"end":{"line":71,"column":3}},"line":37},"3":{"name":"(anonymous_3)","decl":{"start":{"line":41,"column":12},"end":{"line":41,"column":13}},"loc":{"start":{"line":41,"column":26},"end":{"line":70,"column":7}},"line":41},"4":{"name":"(anonymous_4)","decl":{"start":{"line":73,"column":2},"end":{"line":73,"column":3}},"loc":{"start":{"line":73,"column":20},"end":{"line":82,"column":3}},"line":73},"5":{"name":"(anonymous_5)","decl":{"start":{"line":75,"column":17},"end":{"line":75,"column":18}},"loc":{"start":{"line":75,"column":23},"end":{"line":75,"column":90}},"line":75},"6":{"name":"(anonymous_6)","decl":{"start":{"line":84,"column":2},"end":{"line":84,"column":3}},"loc":{"start":{"line":84,"column":14},"end":{"line":97,"column":3}},"line":84},"7":{"name":"(anonymous_7)","decl":{"start":{"line":86,"column":17},"end":{"line":86,"column":18}},"loc":{"start":{"line":86,"column":23},"end":{"line":86,"column":90}},"line":86},"8":{"name":"(anonymous_8)","decl":{"start":{"line":99,"column":2},"end":{"line":99,"column":3}},"loc":{"start":{"line":99,"column":15},"end":{"line":112,"column":3}},"line":99},"9":{"name":"(anonymous_9)","decl":{"start":{"line":101,"column":17},"end":{"line":101,"column":18}},"loc":{"start":{"line":101,"column":23},"end":{"line":101,"column":90}},"line":101},"10":{"name":"(anonymous_10)","decl":{"start":{"line":114,"column":2},"end":{"line":114,"column":3}},"loc":{"start":{"line":114,"column":19},"end":{"line":122,"column":3}},"line":114},"11":{"name":"(anonymous_11)","decl":{"start":{"line":124,"column":2},"end":{"line":124,"column":3}},"loc":{"start":{"line":124,"column":20},"end":{"line":132,"column":3}},"line":124},"12":{"name":"(anonymous_12)","decl":{"start":{"line":134,"column":2},"end":{"line":134,"column":3}},"loc":{"start":{"line":134,"column":21},"end":{"line":136,"column":3}},"line":134},"13":{"name":"(anonymous_13)","decl":{"start":{"line":138,"column":2},"end":{"line":138,"column":3}},"loc":{"start":{"line":138,"column":19},"end":{"line":142,"column":3}},"line":138},"14":{"name":"(anonymous_14)","decl":{"start":{"line":144,"column":2},"end":{"line":144,"column":3}},"loc":{"start":{"line":144,"column":19},"end":{"line":151,"column":3}},"line":144},"15":{"name":"(anonymous_15)","decl":{"start":{"line":148,"column":12},"end":{"line":148,"column":13}},"loc":{"start":{"line":148,"column":18},"end":{"line":150,"column":7}},"line":148},"16":{"name":"(anonymous_16)","decl":{"start":{"line":153,"column":2},"end":{"line":153,"column":3}},"loc":{"start":{"line":153,"column":11},"end":{"line":184,"column":3}},"line":153}},"branchMap":{"0":{"loc":{"start":{"line":39,"column":17},"end":{"line":39,"column":26}},"type":"binary-expr","locations":[{"start":{"line":39,"column":17},"end":{"line":39,"column":19}},{"start":{"line":39,"column":23},"end":{"line":39,"column":26}}],"line":39},"1":{"loc":{"start":{"line":46,"column":10},"end":{"line":50,"column":11}},"type":"if","locations":[{"start":{"line":46,"column":10},"end":{"line":50,"column":11}},{"start":{"line":46,"column":10},"end":{"line":50,"column":11}}],"line":46},"2":{"loc":{"start":{"line":51,"column":10},"end":{"line":55,"column":11}},"type":"if","locations":[{"start":{"line":51,"column":10},"end":{"line":55,"column":11}},{"start":{"line":51,"column":10},"end":{"line":55,"column":11}}],"line":51},"3":{"loc":{"start":{"line":57,"column":8},"end":{"line":61,"column":9}},"type":"if","locations":[{"start":{"line":57,"column":8},"end":{"line":61,"column":9}},{"start":{"line":57,"column":8},"end":{"line":61,"column":9}}],"line":57},"4":{"loc":{"start":{"line":74,"column":4},"end":{"line":77,"column":5}},"type":"if","locations":[{"start":{"line":74,"column":4},"end":{"line":77,"column":5}},{"start":{"line":74,"column":4},"end":{"line":77,"column":5}}],"line":74},"5":{"loc":{"start":{"line":85,"column":4},"end":{"line":88,"column":5}},"type":"if","locations":[{"start":{"line":85,"column":4},"end":{"line":88,"column":5}},{"start":{"line":85,"column":4},"end":{"line":88,"column":5}}],"line":85},"6":{"loc":{"start":{"line":92,"column":4},"end":{"line":96,"column":5}},"type":"if","locations":[{"start":{"line":92,"column":4},"end":{"line":96,"column":5}},{"start":{"line":92,"column":4},"end":{"line":96,"column":5}}],"line":92},"7":{"loc":{"start":{"line":100,"column":4},"end":{"line":103,"column":5}},"type":"if","locations":[{"start":{"line":100,"column":4},"end":{"line":103,"column":5}},{"start":{"line":100,"column":4},"end":{"line":103,"column":5}}],"line":100},"8":{"loc":{"start":{"line":107,"column":4},"end":{"line":111,"column":5}},"type":"if","locations":[{"start":{"line":107,"column":4},"end":{"line":111,"column":5}},{"start":{"line":107,"column":4},"end":{"line":111,"column":5}}],"line":107},"9":{"loc":{"start":{"line":117,"column":4},"end":{"line":121,"column":5}},"type":"if","locations":[{"start":{"line":117,"column":4},"end":{"line":121,"column":5}},{"start":{"line":117,"column":4},"end":{"line":121,"column":5}}],"line":117},"10":{"loc":{"start":{"line":127,"column":4},"end":{"line":131,"column":5}},"type":"if","locations":[{"start":{"line":127,"column":4},"end":{"line":131,"column":5}},{"start":{"line":127,"column":4},"end":{"line":131,"column":5}}],"line":127}},"s":{"0":21,"1":21,"2":21,"3":21,"4":21,"5":21,"6":21,"7":21,"8":21,"9":21,"10":21,"11":21,"12":21,"13":21,"14":21,"15":0,"16":0,"17":0,"18":0,"19":0,"20":0,"21":0,"22":0,"23":0,"24":0,"25":0,"26":0,"27":0,"28":0,"29":2,"30":0,"31":0,"32":0,"33":2,"34":2,"35":2,"36":2,"37":2,"38":0,"39":0,"40":0,"41":2,"42":2,"43":2,"44":2,"45":1,"46":1,"47":2,"48":0,"49":0,"50":0,"51":2,"52":2,"53":2,"54":2,"55":0,"56":2,"57":3,"58":3,"59":3,"60":1,"61":2,"62":3,"63":3,"64":3,"65":0,"66":3,"67":3,"68":3,"69":3,"70":3,"71":1,"72":1,"73":1,"74":0,"75":48,"76":48},"f":{"0":21,"1":21,"2":21,"3":0,"4":2,"5":0,"6":2,"7":0,"8":2,"9":0,"10":3,"11":3,"12":3,"13":3,"14":1,"15":0,"16":48},"b":{"0":[21,21],"1":[0,0],"2":[0,0],"3":[0,0],"4":[0,2],"5":[0,2],"6":[1,1],"7":[0,2],"8":[0,2],"9":[1,2],"10":[0,3]},"_coverageSchema":"1a1c01bbd47fc00a2c39e90264f33305004495a9","hash":"89736b380b21844d87abe3ee3240e7725f8dbf53"}
,"/Users/mikegunyan/ghrsea/image-service/client/src/modal.jsx": {"path":"/Users/mikegunyan/ghrsea/image-service/client/src/modal.jsx","statementMap":{"0":{"start":{"line":7,"column":4},"end":{"line":7,"column":17}},"1":{"start":{"line":8,"column":4},"end":{"line":10,"column":6}},"2":{"start":{"line":11,"column":4},"end":{"line":11,"column":49}},"3":{"start":{"line":12,"column":4},"end":{"line":12,"column":47}},"4":{"start":{"line":13,"column":4},"end":{"line":13,"column":49}},"5":{"start":{"line":14,"column":4},"end":{"line":14,"column":37}},"6":{"start":{"line":18,"column":20},"end":{"line":18,"column":22}},"7":{"start":{"line":19,"column":4},"end":{"line":31,"column":5}},"8":{"start":{"line":20,"column":6},"end":{"line":20,"column":34}},"9":{"start":{"line":21,"column":11},"end":{"line":31,"column":5}},"10":{"start":{"line":22,"column":6},"end":{"line":22,"column":31}},"11":{"start":{"line":23,"column":11},"end":{"line":31,"column":5}},"12":{"start":{"line":24,"column":6},"end":{"line":24,"column":39}},"13":{"start":{"line":25,"column":11},"end":{"line":31,"column":5}},"14":{"start":{"line":26,"column":6},"end":{"line":26,"column":36}},"15":{"start":{"line":27,"column":11},"end":{"line":31,"column":5}},"16":{"start":{"line":28,"column":6},"end":{"line":28,"column":35}},"17":{"start":{"line":30,"column":6},"end":{"line":30,"column":31}},"18":{"start":{"line":32,"column":4},"end":{"line":40,"column":7}},"19":{"start":{"line":33,"column":6},"end":{"line":39,"column":7}},"20":{"start":{"line":34,"column":8},"end":{"line":34,"column":170}},"21":{"start":{"line":35,"column":20},"end":{"line":35,"column":100}},"22":{"start":{"line":36,"column":8},"end":{"line":38,"column":9}},"23":{"start":{"line":37,"column":10},"end":{"line":37,"column":50}},"24":{"start":{"line":44,"column":4},"end":{"line":44,"column":44}},"25":{"start":{"line":45,"column":24},"end":{"line":45,"column":34}},"26":{"start":{"line":46,"column":4},"end":{"line":48,"column":5}},"27":{"start":{"line":47,"column":6},"end":{"line":47,"column":21}},"28":{"start":{"line":52,"column":28},"end":{"line":52,"column":38}},"29":{"start":{"line":53,"column":4},"end":{"line":53,"column":23}},"30":{"start":{"line":57,"column":21},"end":{"line":57,"column":31}},"31":{"start":{"line":58,"column":4},"end":{"line":58,"column":11}},"32":{"start":{"line":62,"column":22},"end":{"line":62,"column":32}},"33":{"start":{"line":63,"column":4},"end":{"line":63,"column":12}},"34":{"start":{"line":67,"column":30},"end":{"line":67,"column":40}},"35":{"start":{"line":68,"column":4},"end":{"line":68,"column":53}},"36":{"start":{"line":72,"column":30},"end":{"line":72,"column":40}},"37":{"start":{"line":75,"column":8},"end":{"line":75,"column":18}},"38":{"start":{"line":76,"column":4},"end":{"line":78,"column":5}},"39":{"start":{"line":77,"column":6},"end":{"line":77,"column":18}},"40":{"start":{"line":79,"column":4},"end":{"line":141,"column":5}},"41":{"start":{"line":80,"column":6},"end":{"line":140,"column":8}},"42":{"start":{"line":84,"column":34},"end":{"line":84,"column":53}},"43":{"start":{"line":87,"column":34},"end":{"line":87,"column":53}},"44":{"start":{"line":100,"column":36},"end":{"line":100,"column":57}},"45":{"start":{"line":103,"column":36},"end":{"line":103,"column":57}},"46":{"start":{"line":122,"column":38},"end":{"line":122,"column":60}},"47":{"start":{"line":125,"column":38},"end":{"line":125,"column":60}},"48":{"start":{"line":142,"column":4},"end":{"line":171,"column":6}},"49":{"start":{"line":146,"column":32},"end":{"line":146,"column":51}},"50":{"start":{"line":149,"column":32},"end":{"line":149,"column":51}},"51":{"start":{"line":175,"column":0},"end":{"line":184,"column":2}}},"fnMap":{"0":{"name":"(anonymous_0)","decl":{"start":{"line":6,"column":2},"end":{"line":6,"column":3}},"loc":{"start":{"line":6,"column":21},"end":{"line":15,"column":3}},"line":6},"1":{"name":"(anonymous_1)","decl":{"start":{"line":17,"column":2},"end":{"line":17,"column":3}},"loc":{"start":{"line":17,"column":22},"end":{"line":41,"column":3}},"line":17},"2":{"name":"(anonymous_2)","decl":{"start":{"line":32,"column":48},"end":{"line":32,"column":49}},"loc":{"start":{"line":32,"column":55},"end":{"line":40,"column":5}},"line":32},"3":{"name":"(anonymous_3)","decl":{"start":{"line":43,"column":2},"end":{"line":43,"column":3}},"loc":{"start":{"line":43,"column":17},"end":{"line":49,"column":3}},"line":43},"4":{"name":"(anonymous_4)","decl":{"start":{"line":51,"column":2},"end":{"line":51,"column":3}},"loc":{"start":{"line":51,"column":20},"end":{"line":54,"column":3}},"line":51},"5":{"name":"(anonymous_5)","decl":{"start":{"line":56,"column":2},"end":{"line":56,"column":3}},"loc":{"start":{"line":56,"column":14},"end":{"line":59,"column":3}},"line":56},"6":{"name":"(anonymous_6)","decl":{"start":{"line":61,"column":2},"end":{"line":61,"column":3}},"loc":{"start":{"line":61,"column":15},"end":{"line":64,"column":3}},"line":61},"7":{"name":"(anonymous_7)","decl":{"start":{"line":66,"column":2},"end":{"line":66,"column":3}},"loc":{"start":{"line":66,"column":9},"end":{"line":69,"column":3}},"line":66},"8":{"name":"(anonymous_8)","decl":{"start":{"line":71,"column":2},"end":{"line":71,"column":3}},"loc":{"start":{"line":71,"column":11},"end":{"line":172,"column":3}},"line":71},"9":{"name":"(anonymous_9)","decl":{"start":{"line":84,"column":23},"end":{"line":84,"column":24}},"loc":{"start":{"line":84,"column":34},"end":{"line":84,"column":53}},"line":84},"10":{"name":"(anonymous_10)","decl":{"start":{"line":87,"column":23},"end":{"line":87,"column":24}},"loc":{"start":{"line":87,"column":34},"end":{"line":87,"column":53}},"line":87},"11":{"name":"(anonymous_11)","decl":{"start":{"line":100,"column":25},"end":{"line":100,"column":26}},"loc":{"start":{"line":100,"column":36},"end":{"line":100,"column":57}},"line":100},"12":{"name":"(anonymous_12)","decl":{"start":{"line":103,"column":25},"end":{"line":103,"column":26}},"loc":{"start":{"line":103,"column":36},"end":{"line":103,"column":57}},"line":103},"13":{"name":"(anonymous_13)","decl":{"start":{"line":122,"column":27},"end":{"line":122,"column":28}},"loc":{"start":{"line":122,"column":38},"end":{"line":122,"column":60}},"line":122},"14":{"name":"(anonymous_14)","decl":{"start":{"line":125,"column":27},"end":{"line":125,"column":28}},"loc":{"start":{"line":125,"column":38},"end":{"line":125,"column":60}},"line":125},"15":{"name":"(anonymous_15)","decl":{"start":{"line":146,"column":21},"end":{"line":146,"column":22}},"loc":{"start":{"line":146,"column":32},"end":{"line":146,"column":51}},"line":146},"16":{"name":"(anonymous_16)","decl":{"start":{"line":149,"column":21},"end":{"line":149,"column":22}},"loc":{"start":{"line":149,"column":32},"end":{"line":149,"column":51}},"line":149}},"branchMap":{"0":{"loc":{"start":{"line":19,"column":4},"end":{"line":31,"column":5}},"type":"if","locations":[{"start":{"line":19,"column":4},"end":{"line":31,"column":5}},{"start":{"line":19,"column":4},"end":{"line":31,"column":5}}],"line":19},"1":{"loc":{"start":{"line":19,"column":9},"end":{"line":19,"column":83}},"type":"binary-expr","locations":[{"start":{"line":19,"column":9},"end":{"line":19,"column":45}},{"start":{"line":19,"column":49},"end":{"line":19,"column":83}}],"line":19},"2":{"loc":{"start":{"line":21,"column":11},"end":{"line":31,"column":5}},"type":"if","locations":[{"start":{"line":21,"column":11},"end":{"line":31,"column":5}},{"start":{"line":21,"column":11},"end":{"line":31,"column":5}}],"line":21},"3":{"loc":{"start":{"line":23,"column":11},"end":{"line":31,"column":5}},"type":"if","locations":[{"start":{"line":23,"column":11},"end":{"line":31,"column":5}},{"start":{"line":23,"column":11},"end":{"line":31,"column":5}}],"line":23},"4":{"loc":{"start":{"line":25,"column":11},"end":{"line":31,"column":5}},"type":"if","locations":[{"start":{"line":25,"column":11},"end":{"line":31,"column":5}},{"start":{"line":25,"column":11},"end":{"line":31,"column":5}}],"line":25},"5":{"loc":{"start":{"line":27,"column":11},"end":{"line":31,"column":5}},"type":"if","locations":[{"start":{"line":27,"column":11},"end":{"line":31,"column":5}},{"start":{"line":27,"column":11},"end":{"line":31,"column":5}}],"line":27},"6":{"loc":{"start":{"line":27,"column":15},"end":{"line":27,"column":97}},"type":"binary-expr","locations":[{"start":{"line":27,"column":16},"end":{"line":27,"column":58}},{"start":{"line":27,"column":64},"end":{"line":27,"column":96}}],"line":27},"7":{"loc":{"start":{"line":33,"column":6},"end":{"line":39,"column":7}},"type":"if","locations":[{"start":{"line":33,"column":6},"end":{"line":39,"column":7}},{"start":{"line":33,"column":6},"end":{"line":39,"column":7}}],"line":33},"8":{"loc":{"start":{"line":36,"column":8},"end":{"line":38,"column":9}},"type":"if","locations":[{"start":{"line":36,"column":8},"end":{"line":38,"column":9}},{"start":{"line":36,"column":8},"end":{"line":38,"column":9}}],"line":36},"9":{"loc":{"start":{"line":46,"column":4},"end":{"line":48,"column":5}},"type":"if","locations":[{"start":{"line":46,"column":4},"end":{"line":48,"column":5}},{"start":{"line":46,"column":4},"end":{"line":48,"column":5}}],"line":46},"10":{"loc":{"start":{"line":76,"column":4},"end":{"line":78,"column":5}},"type":"if","locations":[{"start":{"line":76,"column":4},"end":{"line":78,"column":5}},{"start":{"line":76,"column":4},"end":{"line":78,"column":5}}],"line":76},"11":{"loc":{"start":{"line":79,"column":4},"end":{"line":141,"column":5}},"type":"if","locations":[{"start":{"line":79,"column":4},"end":{"line":141,"column":5}},{"start":{"line":79,"column":4},"end":{"line":141,"column":5}}],"line":79}},"s":{"0":15,"1":15,"2":15,"3":15,"4":15,"5":15,"6":15,"7":15,"8":0,"9":15,"10":0,"11":15,"12":0,"13":15,"14":0,"15":15,"16":0,"17":15,"18":15,"19":0,"20":0,"21":0,"22":0,"23":0,"24":2,"25":2,"26":2,"27":2,"28":2,"29":2,"30":2,"31":2,"32":2,"33":2,"34":2,"35":2,"36":28,"37":28,"38":28,"39":11,"40":17,"41":15,"42":0,"43":0,"44":0,"45":0,"46":0,"47":0,"48":2,"49":0,"50":0,"51":2},"f":{"0":15,"1":15,"2":0,"3":2,"4":2,"5":2,"6":2,"7":2,"8":28,"9":0,"10":0,"11":0,"12":0,"13":0,"14":0,"15":0,"16":0},"b":{"0":[0,15],"1":[15,0],"2":[0,15],"3":[0,15],"4":[0,15],"5":[0,15],"6":[15,15],"7":[0,0],"8":[0,0],"9":[2,0],"10":[11,17],"11":[15,2]},"_coverageSchema":"1a1c01bbd47fc00a2c39e90264f33305004495a9","hash":"61712a5955d8a28c38fc215a7262bf7005face92"}
,"/Users/mikegunyan/ghrsea/image-service/client/src/thumbs.jsx": {"path":"/Users/mikegunyan/ghrsea/image-service/client/src/thumbs.jsx","statementMap":{"0":{"start":{"line":7,"column":4},"end":{"line":7,"column":17}},"1":{"start":{"line":8,"column":4},"end":{"line":8,"column":49}},"2":{"start":{"line":12,"column":4},"end":{"line":12,"column":27}},"3":{"start":{"line":13,"column":23},"end":{"line":13,"column":33}},"4":{"start":{"line":14,"column":4},"end":{"line":14,"column":30}},"5":{"start":{"line":18,"column":35},"end":{"line":18,"column":45}},"6":{"start":{"line":19,"column":4},"end":{"line":50,"column":5}},"7":{"start":{"line":20,"column":25},"end":{"line":20,"column":27}},"8":{"start":{"line":21,"column":21},"end":{"line":21,"column":23}},"9":{"start":{"line":22,"column":6},"end":{"line":30,"column":7}},"10":{"start":{"line":22,"column":19},"end":{"line":22,"column":20}},"11":{"start":{"line":23,"column":8},"end":{"line":29,"column":9}},"12":{"start":{"line":24,"column":10},"end":{"line":24,"column":35}},"13":{"start":{"line":25,"column":10},"end":{"line":25,"column":36}},"14":{"start":{"line":26,"column":10},"end":{"line":26,"column":24}},"15":{"start":{"line":28,"column":10},"end":{"line":28,"column":35}},"16":{"start":{"line":31,"column":6},"end":{"line":39,"column":7}},"17":{"start":{"line":32,"column":8},"end":{"line":38,"column":10}},"18":{"start":{"line":35,"column":50},"end":{"line":35,"column":767}},"19":{"start":{"line":40,"column":6},"end":{"line":49,"column":8}},"20":{"start":{"line":43,"column":48},"end":{"line":43,"column":733}},"21":{"start":{"line":45,"column":46},"end":{"line":45,"column":309}},"22":{"start":{"line":51,"column":4},"end":{"line":55,"column":6}},"23":{"start":{"line":53,"column":38},"end":{"line":53,"column":265}},"24":{"start":{"line":59,"column":0},"end":{"line":63,"column":2}}},"fnMap":{"0":{"name":"(anonymous_0)","decl":{"start":{"line":6,"column":2},"end":{"line":6,"column":3}},"loc":{"start":{"line":6,"column":21},"end":{"line":9,"column":3}},"line":6},"1":{"name":"(anonymous_1)","decl":{"start":{"line":11,"column":2},"end":{"line":11,"column":3}},"loc":{"start":{"line":11,"column":20},"end":{"line":15,"column":3}},"line":11},"2":{"name":"(anonymous_2)","decl":{"start":{"line":17,"column":2},"end":{"line":17,"column":3}},"loc":{"start":{"line":17,"column":11},"end":{"line":56,"column":3}},"line":17},"3":{"name":"(anonymous_3)","decl":{"start":{"line":35,"column":30},"end":{"line":35,"column":31}},"loc":{"start":{"line":35,"column":50},"end":{"line":35,"column":767}},"line":35},"4":{"name":"(anonymous_4)","decl":{"start":{"line":43,"column":28},"end":{"line":43,"column":29}},"loc":{"start":{"line":43,"column":48},"end":{"line":43,"column":733}},"line":43},"5":{"name":"(anonymous_5)","decl":{"start":{"line":45,"column":28},"end":{"line":45,"column":29}},"loc":{"start":{"line":45,"column":46},"end":{"line":45,"column":309}},"line":45},"6":{"name":"(anonymous_6)","decl":{"start":{"line":53,"column":20},"end":{"line":53,"column":21}},"loc":{"start":{"line":53,"column":38},"end":{"line":53,"column":265}},"line":53}},"branchMap":{"0":{"loc":{"start":{"line":19,"column":4},"end":{"line":50,"column":5}},"type":"if","locations":[{"start":{"line":19,"column":4},"end":{"line":50,"column":5}},{"start":{"line":19,"column":4},"end":{"line":50,"column":5}}],"line":19},"1":{"loc":{"start":{"line":23,"column":8},"end":{"line":29,"column":9}},"type":"if","locations":[{"start":{"line":23,"column":8},"end":{"line":29,"column":9}},{"start":{"line":23,"column":8},"end":{"line":29,"column":9}}],"line":23},"2":{"loc":{"start":{"line":31,"column":6},"end":{"line":39,"column":7}},"type":"if","locations":[{"start":{"line":31,"column":6},"end":{"line":39,"column":7}},{"start":{"line":31,"column":6},"end":{"line":39,"column":7}}],"line":31}},"s":{"0":9,"1":9,"2":3,"3":3,"4":3,"5":17,"6":17,"7":2,"8":2,"9":2,"10":2,"11":7,"12":2,"13":2,"14":2,"15":5,"16":2,"17":1,"18":1,"19":1,"20":1,"21":1,"22":15,"23":6,"24":3},"f":{"0":9,"1":3,"2":17,"3":1,"4":1,"5":1,"6":6},"b":{"0":[2,15],"1":[2,5],"2":[1,1]},"_coverageSchema":"1a1c01bbd47fc00a2c39e90264f33305004495a9","hash":"f92d2dd9b06794b2e452c89a430c724b454ee08b"}
}
