TN:
SF:client/src/app.jsx
FN:9,(anonymous_0)
FN:33,(anonymous_1)
FN:37,(anonymous_2)
FN:41,(anonymous_3)
FN:73,(anonymous_4)
FN:75,(anonymous_5)
FN:84,(anonymous_6)
FN:86,(anonymous_7)
FN:99,(anonymous_8)
FN:101,(anonymous_9)
FN:114,(anonymous_10)
FN:124,(anonymous_11)
FN:134,(anonymous_12)
FN:138,(anonymous_13)
FN:144,(anonymous_14)
FN:148,(anonymous_15)
FN:153,(anonymous_16)
FNF:17
FNH:12
FNDA:21,(anonymous_0)
FNDA:21,(anonymous_1)
FNDA:21,(anonymous_2)
FNDA:0,(anonymous_3)
FNDA:2,(anonymous_4)
FNDA:0,(anonymous_5)
FNDA:2,(anonymous_6)
FNDA:0,(anonymous_7)
FNDA:2,(anonymous_8)
FNDA:0,(anonymous_9)
FNDA:3,(anonymous_10)
FNDA:3,(anonymous_11)
FNDA:3,(anonymous_12)
FNDA:3,(anonymous_13)
FNDA:1,(anonymous_14)
FNDA:0,(anonymous_15)
FNDA:48,(anonymous_16)
DA:10,21
DA:11,21
DA:22,21
DA:23,21
DA:24,21
DA:25,21
DA:26,21
DA:27,21
DA:28,21
DA:29,21
DA:30,21
DA:34,21
DA:38,21
DA:39,21
DA:40,21
DA:43,0
DA:44,0
DA:45,0
DA:46,0
DA:47,0
DA:49,0
DA:51,0
DA:52,0
DA:54,0
DA:57,0
DA:58,0
DA:60,0
DA:62,0
DA:74,2
DA:75,0
DA:76,0
DA:78,2
DA:79,2
DA:80,2
DA:81,2
DA:85,2
DA:86,0
DA:87,0
DA:89,2
DA:90,2
DA:91,2
DA:92,2
DA:93,1
DA:95,1
DA:100,2
DA:101,0
DA:102,0
DA:104,2
DA:105,2
DA:106,2
DA:107,2
DA:108,0
DA:110,2
DA:115,3
DA:116,3
DA:117,3
DA:118,1
DA:120,2
DA:125,3
DA:126,3
DA:127,3
DA:128,0
DA:130,3
DA:135,3
DA:139,3
DA:140,3
DA:141,3
DA:145,1
DA:146,1
DA:147,1
DA:149,0
DA:157,48
DA:158,48
LF:73
LH:51
BRDA:39,0,0,21
BRDA:39,0,1,21
BRDA:46,1,0,0
BRDA:46,1,1,0
BRDA:51,2,0,0
BRDA:51,2,1,0
BRDA:57,3,0,0
BRDA:57,3,1,0
BRDA:74,4,0,0
BRDA:74,4,1,2
BRDA:85,5,0,0
BRDA:85,5,1,2
BRDA:92,6,0,1
BRDA:92,6,1,1
BRDA:100,7,0,0
BRDA:100,7,1,2
BRDA:107,8,0,0
BRDA:107,8,1,2
BRDA:117,9,0,1
BRDA:117,9,1,2
BRDA:127,10,0,0
BRDA:127,10,1,3
BRF:22
BRH:11
end_of_record
TN:
SF:client/src/modal.jsx
FN:6,(anonymous_0)
FN:17,(anonymous_1)
FN:32,(anonymous_2)
FN:43,(anonymous_3)
FN:51,(anonymous_4)
FN:56,(anonymous_5)
FN:61,(anonymous_6)
FN:66,(anonymous_7)
FN:71,(anonymous_8)
FN:84,(anonymous_9)
FN:87,(anonymous_10)
FN:100,(anonymous_11)
FN:103,(anonymous_12)
FN:122,(anonymous_13)
FN:125,(anonymous_14)
FN:146,(anonymous_15)
FN:149,(anonymous_16)
FNF:17
FNH:8
FNDA:15,(anonymous_0)
FNDA:15,(anonymous_1)
FNDA:0,(anonymous_2)
FNDA:2,(anonymous_3)
FNDA:2,(anonymous_4)
FNDA:2,(anonymous_5)
FNDA:2,(anonymous_6)
FNDA:2,(anonymous_7)
FNDA:28,(anonymous_8)
FNDA:0,(anonymous_9)
FNDA:0,(anonymous_10)
FNDA:0,(anonymous_11)
FNDA:0,(anonymous_12)
FNDA:0,(anonymous_13)
FNDA:0,(anonymous_14)
FNDA:0,(anonymous_15)
FNDA:0,(anonymous_16)
DA:7,15
DA:8,15
DA:11,15
DA:12,15
DA:13,15
DA:14,15
DA:18,15
DA:19,15
DA:20,0
DA:21,15
DA:22,0
DA:23,15
DA:24,0
DA:25,15
DA:26,0
DA:27,15
DA:28,0
DA:30,15
DA:32,15
DA:33,0
DA:34,0
DA:35,0
DA:36,0
DA:37,0
DA:44,2
DA:45,2
DA:46,2
DA:47,2
DA:52,2
DA:53,2
DA:57,2
DA:58,2
DA:62,2
DA:63,2
DA:67,2
DA:68,2
DA:72,28
DA:75,28
DA:76,28
DA:77,11
DA:79,17
DA:80,15
DA:84,0
DA:87,0
DA:100,0
DA:103,0
DA:122,0
DA:125,0
DA:142,2
DA:146,0
DA:149,0
DA:175,2
LF:52
LH:34
BRDA:19,0,0,0
BRDA:19,0,1,15
BRDA:19,1,0,15
BRDA:19,1,1,0
BRDA:21,2,0,0
BRDA:21,2,1,15
BRDA:23,3,0,0
BRDA:23,3,1,15
BRDA:25,4,0,0
BRDA:25,4,1,15
BRDA:27,5,0,0
BRDA:27,5,1,15
BRDA:27,6,0,15
BRDA:27,6,1,15
BRDA:33,7,0,0
BRDA:33,7,1,0
BRDA:36,8,0,0
BRDA:36,8,1,0
BRDA:46,9,0,2
BRDA:46,9,1,0
BRDA:76,10,0,11
BRDA:76,10,1,17
BRDA:79,11,0,15
BRDA:79,11,1,2
BRF:24
BRH:13
end_of_record
TN:
SF:client/src/thumbs.jsx
FN:6,(anonymous_0)
FN:11,(anonymous_1)
FN:17,(anonymous_2)
FN:35,(anonymous_3)
FN:43,(anonymous_4)
FN:45,(anonymous_5)
FN:53,(anonymous_6)
FNF:7
FNH:7
FNDA:9,(anonymous_0)
FNDA:3,(anonymous_1)
FNDA:17,(anonymous_2)
FNDA:1,(anonymous_3)
FNDA:1,(anonymous_4)
FNDA:1,(anonymous_5)
FNDA:6,(anonymous_6)
DA:7,9
DA:8,9
DA:12,3
DA:13,3
DA:14,3
DA:18,17
DA:19,17
DA:20,2
DA:21,2
DA:22,2
DA:23,7
DA:24,2
DA:25,2
DA:26,2
DA:28,5
DA:31,2
DA:32,1
DA:35,1
DA:40,1
DA:43,1
DA:45,1
DA:51,15
DA:53,6
DA:59,3
LF:24
LH:24
BRDA:19,0,0,2
BRDA:19,0,1,15
BRDA:23,1,0,2
BRDA:23,1,1,5
BRDA:31,2,0,1
BRDA:31,2,1,1
BRF:6
BRH:6
end_of_record
